<?xml version="1.0" encoding="UTF-8"?>
<testsuite xmlns:xsi="http://www.w3.org/2001/XMLSchema-instance" xsi:noNamespaceSchemaLocation="https://maven.apache.org/surefire/maven-surefire-plugin/xsd/surefire-test-report.xsd" name="TeacherTests" time="0.022" tests="1" errors="0" skipped="0" failures="0">
  <properties>
    <property name="sun.desktop" value="gnome"/>
    <property name="awt.toolkit" value="sun.awt.X11.XToolkit"/>
    <property name="file.encoding.pkg" value="sun.io"/>
    <property name="java.specification.version" value="1.8"/>
    <property name="sun.cpu.isalist" value=""/>
    <property name="sun.jnu.encoding" value="UTF-8"/>
    <property name="java.class.path" value="/home/coder/java-projects/teachers-learners-lessons/target/test-classes:/home/coder/java-projects/teachers-learners-lessons/target/classes:/home/coder/.m2/repository/org/junit/jupiter/junit-jupiter-api/5.4.0/junit-jupiter-api-5.4.0.jar:/home/coder/.m2/repository/org/apiguardian/apiguardian-api/1.0.0/apiguardian-api-1.0.0.jar:/home/coder/.m2/repository/org/opentest4j/opentest4j/1.1.1/opentest4j-1.1.1.jar:/home/coder/.m2/repository/org/junit/platform/junit-platform-commons/1.4.0/junit-platform-commons-1.4.0.jar:/home/coder/.m2/repository/org/junit/jupiter/junit-jupiter-engine/5.4.0/junit-jupiter-engine-5.4.0.jar:/home/coder/.m2/repository/org/junit/platform/junit-platform-engine/1.4.0/junit-platform-engine-1.4.0.jar:"/>
    <property name="java.vm.vendor" value="Oracle Corporation"/>
    <property name="sun.arch.data.model" value="64"/>
    <property name="java.vendor.url" value="http://java.oracle.com/"/>
    <property name="user.timezone" value=""/>
    <property name="java.vm.specification.version" value="1.8"/>
    <property name="os.name" value="Linux"/>
    <property name="user.country" value="ZA"/>
    <property name="sun.java.launcher" value="SUN_STANDARD"/>
    <property name="sun.boot.library.path" value="/usr/lib/jvm/java-8-openjdk-amd64/jre/lib/amd64"/>
    <property name="sun.java.command" value="/home/coder/java-projects/teachers-learners-lessons/target/surefire/surefirebooter393463588256680174.jar /home/coder/java-projects/teachers-learners-lessons/target/surefire 2019-05-16T10-50-05_714-jvmRun1 surefire8963208926927367026tmp surefire_04500704762368375329tmp"/>
    <property name="surefire.test.class.path" value="/home/coder/java-projects/teachers-learners-lessons/target/test-classes:/home/coder/java-projects/teachers-learners-lessons/target/classes:/home/coder/.m2/repository/org/junit/jupiter/junit-jupiter-api/5.4.0/junit-jupiter-api-5.4.0.jar:/home/coder/.m2/repository/org/apiguardian/apiguardian-api/1.0.0/apiguardian-api-1.0.0.jar:/home/coder/.m2/repository/org/opentest4j/opentest4j/1.1.1/opentest4j-1.1.1.jar:/home/coder/.m2/repository/org/junit/platform/junit-platform-commons/1.4.0/junit-platform-commons-1.4.0.jar:/home/coder/.m2/repository/org/junit/jupiter/junit-jupiter-engine/5.4.0/junit-jupiter-engine-5.4.0.jar:/home/coder/.m2/repository/org/junit/platform/junit-platform-engine/1.4.0/junit-platform-engine-1.4.0.jar:"/>
    <property name="sun.cpu.endian" value="little"/>
    <property name="user.home" value="/home/coder"/>
    <property name="user.language" value="en"/>
    <property name="java.specification.vendor" value="Oracle Corporation"/>
    <property name="java.home" value="/usr/lib/jvm/java-8-openjdk-amd64/jre"/>
    <property name="basedir" value="/home/coder/java-projects/teachers-learners-lessons"/>
    <property name="file.separator" value="/"/>
    <property name="line.separator" value="&#10;"/>
    <property name="java.vm.specification.vendor" value="Oracle Corporation"/>
    <property name="java.specification.name" value="Java Platform API Specification"/>
    <property name="java.awt.graphicsenv" value="sun.awt.X11GraphicsEnvironment"/>
    <property name="surefire.real.class.path" value="/home/coder/java-projects/teachers-learners-lessons/target/surefire/surefirebooter393463588256680174.jar"/>
    <property name="sun.boot.class.path" value="/usr/lib/jvm/java-8-openjdk-amd64/jre/lib/resources.jar:/usr/lib/jvm/java-8-openjdk-amd64/jre/lib/rt.jar:/usr/lib/jvm/java-8-openjdk-amd64/jre/lib/sunrsasign.jar:/usr/lib/jvm/java-8-openjdk-amd64/jre/lib/jsse.jar:/usr/lib/jvm/java-8-openjdk-amd64/jre/lib/jce.jar:/usr/lib/jvm/java-8-openjdk-amd64/jre/lib/charsets.jar:/usr/lib/jvm/java-8-openjdk-amd64/jre/lib/jfr.jar:/usr/lib/jvm/java-8-openjdk-amd64/jre/classes"/>
    <property name="sun.management.compiler" value="HotSpot 64-Bit Tiered Compilers"/>
    <property name="java.runtime.version" value="1.8.0_212-8u212-b03-0ubuntu1.16.04.1-b03"/>
    <property name="user.name" value="coder"/>
    <property name="path.separator" value=":"/>
    <property name="os.version" value="4.15.0-48-generic"/>
    <property name="java.endorsed.dirs" value="/usr/lib/jvm/java-8-openjdk-amd64/jre/lib/endorsed"/>
    <property name="java.runtime.name" value="OpenJDK Runtime Environment"/>
    <property name="file.encoding" value="UTF-8"/>
    <property name="java.vm.name" value="OpenJDK 64-Bit Server VM"/>
    <property name="localRepository" value="/home/coder/.m2/repository"/>
    <property name="java.vendor.url.bug" value="http://bugreport.sun.com/bugreport/"/>
    <property name="java.io.tmpdir" value="/tmp"/>
    <property name="java.version" value="1.8.0_212"/>
    <property name="user.dir" value="/home/coder/java-projects/teachers-learners-lessons"/>
    <property name="os.arch" value="amd64"/>
    <property name="java.vm.specification.name" value="Java Virtual Machine Specification"/>
    <property name="java.awt.printerjob" value="sun.print.PSPrinterJob"/>
    <property name="sun.os.patch.level" value="unknown"/>
    <property name="java.library.path" value="/usr/java/packages/lib/amd64:/usr/lib/x86_64-linux-gnu/jni:/lib/x86_64-linux-gnu:/usr/lib/x86_64-linux-gnu:/usr/lib/jni:/lib:/usr/lib"/>
    <property name="java.vm.info" value="mixed mode"/>
    <property name="java.vendor" value="Oracle Corporation"/>
    <property name="java.vm.version" value="25.212-b03"/>
    <property name="java.ext.dirs" value="/usr/lib/jvm/java-8-openjdk-amd64/jre/lib/ext:/usr/java/packages/lib/ext"/>
    <property name="sun.io.unicode.encoding" value="UnicodeLittle"/>
    <property name="java.class.version" value="52.0"/>
  </properties>
  <testcase name="shouldBeAbleToGetRegisteredTeacher" classname="TeacherTests" time="0.002"/>
</testsuite>